<?xml version="1.0" encoding="UTF-8"?>
<!-- Generated by org.testng.reporters.JUnitReportReporter -->
<testsuite hostname="HANWKS0516" failures="0" tests="2" name="testNG.Step3" time="0.001" errors="0" timestamp="2024-06-07T15:49:45 ICT" skipped="0">
  <testcase classname="testNG.Step3" name="LoginAPIHomeLoan" time="0.000"/>
  <system-out/>
  <testcase classname="testNG.Step3" name="WebLoginHomeLoan" time="0.001"/>
  <system-out/>
</testsuite> <!-- testNG.Step3 -->
