<?xml version="1.0" encoding="UTF-8"?>
<!-- Generated by org.testng.reporters.JUnitReportReporter -->
<testsuite hostname="HANWKS0516" failures="0" tests="5" name="testNG.Step4" time="0.008" errors="0" timestamp="2024-06-07T12:00:35 ICT" skipped="1">
  <testcase classname="testNG.Step4" name="WWEwrestlingChampion" time="0.000"/>
  <system-out/>
  <testcase classname="testNG.Step4" name="GQchannelChina" time="0.006"/>
  <system-out/>
  <testcase classname="testNG.Step4" name="AppSignoutCarLoan" time="0.001"/>
  <system-out/>
  <testcase classname="testNG.Step4" name="BMWcarSport" time="0.001"/>
  <system-out/>
  <testcase classname="testNG.Step4" name="SuperCarSport">
    <skipped/>
  </testcase> <!-- SuperCarSport -->
  <system-out/>
</testsuite> <!-- testNG.Step4 -->
