<?xml version="1.0" encoding="UTF-8"?>
<!-- Generated by org.testng.reporters.JUnitReportReporter -->
<testsuite hostname="HANWKS0516" failures="0" tests="1" name="StreamsLearning" time="0.010" errors="0" timestamp="2024-06-03T10:33:44 ICT" skipped="0">
  <testcase classname="StreamsLearning" name="streamCollect" time="0.010"/>
</testsuite> <!-- StreamsLearning -->
