<?xml version="1.0" encoding="UTF-8"?>
<!-- Generated by org.testng.reporters.JUnitReportReporter -->
<testsuite hostname="HANWKS0516" failures="0" tests="1" name="testNG.testNG1" time="0.004" errors="0" timestamp="2024-06-07T15:49:45 ICT" skipped="0">
  <testcase classname="testNG.testNG1" name="Demo2" time="0.004"/>
  <system-out/>
</testsuite> <!-- testNG.testNG1 -->
