<?xml version="1.0" encoding="UTF-8"?>
<!-- Generated by org.testng.reporters.JUnitReportReporter -->
<testsuite hostname="HANWKS0516" failures="0" tests="1" name="amazon.tests.ErrorValidations" time="5.168" errors="0" timestamp="2024-06-17T10:17:09 ICT" skipped="0">
  <testcase classname="amazon.tests.ErrorValidations" name="submitOrder" time="5.168"/>
  <system-out/>
</testsuite> <!-- amazon.tests.ErrorValidations -->
